[1] "inputscleanair_males_w1_r1_b1_w0_r0_b0_2015.csv has been created."
[1] "inputscleanair_females_w1_r1_b1_w0_r0_b0_2015.csv has been created."
Removing previously compiled python files
Removing old input files and old runs
Note, this module only cleans up before runs, not after
Reading inputs
[1;31m---------------------------------------------------------------------------[0m
[1;31mIOError[0m                                   Traceback (most recent call last)
[1;32m/home/jamietam/shg-policy-module/policy_shg.py[0m in [0;36m<module>[1;34m()[0m
[0;32m    615[0m [1;33m[0m[0m
[0;32m    616[0m [1;32mif[0m [0m__name__[0m [1;33m==[0m [1;34m'__main__'[0m[1;33m:[0m[1;33m[0m[0m
[1;32m--> 617[1;33m     [0mmain[0m[1;33m([0m[1;33m)[0m[1;33m[0m[0m
[0m
[1;32m/home/jamietam/shg-policy-module/policy_shg.py[0m in [0;36mmain[1;34m()[0m
[0;32m    583[0m     [0mread_demographics_file[0m[1;33m([0m[1;33m)[0m[1;33m[0m[0m
[0;32m    584[0m [1;33m[0m[0m
[1;32m--> 585[1;33m     [0mshutil[0m[1;33m.[0m[0mcopy[0m[1;33m([0m[0mjoin[0m[1;33m([0m[1;34m'executables'[0m[1;33m,[0m [0mversion[0m[1;33m,[0m [0mexe_name[0m[1;33m)[0m[1;33m,[0m [1;34m'./lbc_smokehist.exe'[0m[1;33m)[0m[1;33m[0m[0m
[0m[0;32m    586[0m [1;33m[0m[0m
[0;32m    587[0m     [1;32mprint[0m [1;34m'Running the simulations:'[0m[1;33m[0m[0m

[1;32m/usr/lib/python2.7/shutil.pyc[0m in [0;36mcopy[1;34m(src, dst)[0m
[0;32m    117[0m     [1;32mif[0m [0mos[0m[1;33m.[0m[0mpath[0m[1;33m.[0m[0misdir[0m[1;33m([0m[0mdst[0m[1;33m)[0m[1;33m:[0m[1;33m[0m[0m
[0;32m    118[0m         [0mdst[0m [1;33m=[0m [0mos[0m[1;33m.[0m[0mpath[0m[1;33m.[0m[0mjoin[0m[1;33m([0m[0mdst[0m[1;33m,[0m [0mos[0m[1;33m.[0m[0mpath[0m[1;33m.[0m[0mbasename[0m[1;33m([0m[0msrc[0m[1;33m)[0m[1;33m)[0m[1;33m[0m[0m
[1;32m--> 119[1;33m     [0mcopyfile[0m[1;33m([0m[0msrc[0m[1;33m,[0m [0mdst[0m[1;33m)[0m[1;33m[0m[0m
[0m[0;32m    120[0m     [0mcopymode[0m[1;33m([0m[0msrc[0m[1;33m,[0m [0mdst[0m[1;33m)[0m[1;33m[0m[0m
[0;32m    121[0m [1;33m[0m[0m

[1;32m/usr/lib/python2.7/shutil.pyc[0m in [0;36mcopyfile[1;34m(src, dst)[0m
[0;32m     81[0m [1;33m[0m[0m
[0;32m     82[0m     [1;32mwith[0m [0mopen[0m[1;33m([0m[0msrc[0m[1;33m,[0m [1;34m'rb'[0m[1;33m)[0m [1;32mas[0m [0mfsrc[0m[1;33m:[0m[1;33m[0m[0m
[1;32m---> 83[1;33m         [1;32mwith[0m [0mopen[0m[1;33m([0m[0mdst[0m[1;33m,[0m [1;34m'wb'[0m[1;33m)[0m [1;32mas[0m [0mfdst[0m[1;33m:[0m[1;33m[0m[0m
[0m[0;32m     84[0m             [0mcopyfileobj[0m[1;33m([0m[0mfsrc[0m[1;33m,[0m [0mfdst[0m[1;33m)[0m[1;33m[0m[0m
[0;32m     85[0m [1;33m[0m[0m

[1;31mIOError[0m: [Errno 13] Permission denied: './lbc_smokehist.exe'
mv: cannot stat ‘prevalences.csv’: No such file or directory
Removing previously compiled python files
Removing old input files and old runs
Note, this module only cleans up before runs, not after
Reading inputs
[1;31m---------------------------------------------------------------------------[0m
[1;31mIOError[0m                                   Traceback (most recent call last)
[1;32m/home/jamietam/shg-policy-module/policy_shg.py[0m in [0;36m<module>[1;34m()[0m
[0;32m    615[0m [1;33m[0m[0m
[0;32m    616[0m [1;32mif[0m [0m__name__[0m [1;33m==[0m [1;34m'__main__'[0m[1;33m:[0m[1;33m[0m[0m
[1;32m--> 617[1;33m     [0mmain[0m[1;33m([0m[1;33m)[0m[1;33m[0m[0m
[0m
[1;32m/home/jamietam/shg-policy-module/policy_shg.py[0m in [0;36mmain[1;34m()[0m
[0;32m    583[0m     [0mread_demographics_file[0m[1;33m([0m[1;33m)[0m[1;33m[0m[0m
[0;32m    584[0m [1;33m[0m[0m
[1;32m--> 585[1;33m     [0mshutil[0m[1;33m.[0m[0mcopy[0m[1;33m([0m[0mjoin[0m[1;33m([0m[1;34m'executables'[0m[1;33m,[0m [0mversion[0m[1;33m,[0m [0mexe_name[0m[1;33m)[0m[1;33m,[0m [1;34m'./lbc_smokehist.exe'[0m[1;33m)[0m[1;33m[0m[0m
[0m[0;32m    586[0m [1;33m[0m[0m
[0;32m    587[0m     [1;32mprint[0m [1;34m'Running the simulations:'[0m[1;33m[0m[0m

[1;32m/usr/lib/python2.7/shutil.pyc[0m in [0;36mcopy[1;34m(src, dst)[0m
[0;32m    117[0m     [1;32mif[0m [0mos[0m[1;33m.[0m[0mpath[0m[1;33m.[0m[0misdir[0m[1;33m([0m[0mdst[0m[1;33m)[0m[1;33m:[0m[1;33m[0m[0m
[0;32m    118[0m         [0mdst[0m [1;33m=[0m [0mos[0m[1;33m.[0m[0mpath[0m[1;33m.[0m[0mjoin[0m[1;33m([0m[0mdst[0m[1;33m,[0m [0mos[0m[1;33m.[0m[0mpath[0m[1;33m.[0m[0mbasename[0m[1;33m([0m[0msrc[0m[1;33m)[0m[1;33m)[0m[1;33m[0m[0m
[1;32m--> 119[1;33m     [0mcopyfile[0m[1;33m([0m[0msrc[0m[1;33m,[0m [0mdst[0m[1;33m)[0m[1;33m[0m[0m
[0m[0;32m    120[0m     [0mcopymode[0m[1;33m([0m[0msrc[0m[1;33m,[0m [0mdst[0m[1;33m)[0m[1;33m[0m[0m
[0;32m    121[0m [1;33m[0m[0m

[1;32m/usr/lib/python2.7/shutil.pyc[0m in [0;36mcopyfile[1;34m(src, dst)[0m
[0;32m     81[0m [1;33m[0m[0m
[0;32m     82[0m     [1;32mwith[0m [0mopen[0m[1;33m([0m[0msrc[0m[1;33m,[0m [1;34m'rb'[0m[1;33m)[0m [1;32mas[0m [0mfsrc[0m[1;33m:[0m[1;33m[0m[0m
[1;32m---> 83[1;33m         [1;32mwith[0m [0mopen[0m[1;33m([0m[0mdst[0m[1;33m,[0m [1;34m'wb'[0m[1;33m)[0m [1;32mas[0m [0mfdst[0m[1;33m:[0m[1;33m[0m[0m
[0m[0;32m     84[0m             [0mcopyfileobj[0m[1;33m([0m[0mfsrc[0m[1;33m,[0m [0mfdst[0m[1;33m)[0m[1;33m[0m[0m
[0;32m     85[0m [1;33m[0m[0m

[1;31mIOError[0m: [Errno 13] Permission denied: './lbc_smokehist.exe'
mv: cannot stat ‘prevalences.csv’: No such file or directory
[1] "inputscleanair_males_w1_r1_b1_w0_r0_b0_2016.csv has been created."
[1] "inputscleanair_females_w1_r1_b1_w0_r0_b0_2016.csv has been created."
Removing previously compiled python files
Removing old input files and old runs
Note, this module only cleans up before runs, not after
Reading inputs
[1;31m---------------------------------------------------------------------------[0m
[1;31mIOError[0m                                   Traceback (most recent call last)
[1;32m/home/jamietam/shg-policy-module/policy_shg.py[0m in [0;36m<module>[1;34m()[0m
[0;32m    615[0m [1;33m[0m[0m
[0;32m    616[0m [1;32mif[0m [0m__name__[0m [1;33m==[0m [1;34m'__main__'[0m[1;33m:[0m[1;33m[0m[0m
[1;32m--> 617[1;33m     [0mmain[0m[1;33m([0m[1;33m)[0m[1;33m[0m[0m
[0m
[1;32m/home/jamietam/shg-policy-module/policy_shg.py[0m in [0;36mmain[1;34m()[0m
[0;32m    583[0m     [0mread_demographics_file[0m[1;33m([0m[1;33m)[0m[1;33m[0m[0m
[0;32m    584[0m [1;33m[0m[0m
[1;32m--> 585[1;33m     [0mshutil[0m[1;33m.[0m[0mcopy[0m[1;33m([0m[0mjoin[0m[1;33m([0m[1;34m'executables'[0m[1;33m,[0m [0mversion[0m[1;33m,[0m [0mexe_name[0m[1;33m)[0m[1;33m,[0m [1;34m'./lbc_smokehist.exe'[0m[1;33m)[0m[1;33m[0m[0m
[0m[0;32m    586[0m [1;33m[0m[0m
[0;32m    587[0m     [1;32mprint[0m [1;34m'Running the simulations:'[0m[1;33m[0m[0m

[1;32m/usr/lib/python2.7/shutil.pyc[0m in [0;36mcopy[1;34m(src, dst)[0m
[0;32m    117[0m     [1;32mif[0m [0mos[0m[1;33m.[0m[0mpath[0m[1;33m.[0m[0misdir[0m[1;33m([0m[0mdst[0m[1;33m)[0m[1;33m:[0m[1;33m[0m[0m
[0;32m    118[0m         [0mdst[0m [1;33m=[0m [0mos[0m[1;33m.[0m[0mpath[0m[1;33m.[0m[0mjoin[0m[1;33m([0m[0mdst[0m[1;33m,[0m [0mos[0m[1;33m.[0m[0mpath[0m[1;33m.[0m[0mbasename[0m[1;33m([0m[0msrc[0m[1;33m)[0m[1;33m)[0m[1;33m[0m[0m
[1;32m--> 119[1;33m     [0mcopyfile[0m[1;33m([0m[0msrc[0m[1;33m,[0m [0mdst[0m[1;33m)[0m[1;33m[0m[0m
[0m[0;32m    120[0m     [0mcopymode[0m[1;33m([0m[0msrc[0m[1;33m,[0m [0mdst[0m[1;33m)[0m[1;33m[0m[0m
[0;32m    121[0m [1;33m[0m[0m

[1;32m/usr/lib/python2.7/shutil.pyc[0m in [0;36mcopyfile[1;34m(src, dst)[0m
[0;32m     81[0m [1;33m[0m[0m
[0;32m     82[0m     [1;32mwith[0m [0mopen[0m[1;33m([0m[0msrc[0m[1;33m,[0m [1;34m'rb'[0m[1;33m)[0m [1;32mas[0m [0mfsrc[0m[1;33m:[0m[1;33m[0m[0m
[1;32m---> 83[1;33m         [1;32mwith[0m [0mopen[0m[1;33m([0m[0mdst[0m[1;33m,[0m [1;34m'wb'[0m[1;33m)[0m [1;32mas[0m [0mfdst[0m[1;33m:[0m[1;33m[0m[0m
[0m[0;32m     84[0m             [0mcopyfileobj[0m[1;33m([0m[0mfsrc[0m[1;33m,[0m [0mfdst[0m[1;33m)[0m[1;33m[0m[0m
[0;32m     85[0m [1;33m[0m[0m

[1;31mIOError[0m: [Errno 13] Permission denied: './lbc_smokehist.exe'
mv: cannot stat ‘prevalences.csv’: No such file or directory
Removing previously compiled python files
Removing old input files and old runs
Note, this module only cleans up before runs, not after
Reading inputs
[1;31m---------------------------------------------------------------------------[0m
[1;31mIOError[0m                                   Traceback (most recent call last)
[1;32m/home/jamietam/shg-policy-module/policy_shg.py[0m in [0;36m<module>[1;34m()[0m
[0;32m    615[0m [1;33m[0m[0m
[0;32m    616[0m [1;32mif[0m [0m__name__[0m [1;33m==[0m [1;34m'__main__'[0m[1;33m:[0m[1;33m[0m[0m
[1;32m--> 617[1;33m     [0mmain[0m[1;33m([0m[1;33m)[0m[1;33m[0m[0m
[0m
[1;32m/home/jamietam/shg-policy-module/policy_shg.py[0m in [0;36mmain[1;34m()[0m
[0;32m    583[0m     [0mread_demographics_file[0m[1;33m([0m[1;33m)[0m[1;33m[0m[0m
[0;32m    584[0m [1;33m[0m[0m
[1;32m--> 585[1;33m     [0mshutil[0m[1;33m.[0m[0mcopy[0m[1;33m([0m[0mjoin[0m[1;33m([0m[1;34m'executables'[0m[1;33m,[0m [0mversion[0m[1;33m,[0m [0mexe_name[0m[1;33m)[0m[1;33m,[0m [1;34m'./lbc_smokehist.exe'[0m[1;33m)[0m[1;33m[0m[0m
[0m[0;32m    586[0m [1;33m[0m[0m
[0;32m    587[0m     [1;32mprint[0m [1;34m'Running the simulations:'[0m[1;33m[0m[0m

[1;32m/usr/lib/python2.7/shutil.pyc[0m in [0;36mcopy[1;34m(src, dst)[0m
[0;32m    117[0m     [1;32mif[0m [0mos[0m[1;33m.[0m[0mpath[0m[1;33m.[0m[0misdir[0m[1;33m([0m[0mdst[0m[1;33m)[0m[1;33m:[0m[1;33m[0m[0m
[0;32m    118[0m         [0mdst[0m [1;33m=[0m [0mos[0m[1;33m.[0m[0mpath[0m[1;33m.[0m[0mjoin[0m[1;33m([0m[0mdst[0m[1;33m,[0m [0mos[0m[1;33m.[0m[0mpath[0m[1;33m.[0m[0mbasename[0m[1;33m([0m[0msrc[0m[1;33m)[0m[1;33m)[0m[1;33m[0m[0m
[1;32m--> 119[1;33m     [0mcopyfile[0m[1;33m([0m[0msrc[0m[1;33m,[0m [0mdst[0m[1;33m)[0m[1;33m[0m[0m
[0m[0;32m    120[0m     [0mcopymode[0m[1;33m([0m[0msrc[0m[1;33m,[0m [0mdst[0m[1;33m)[0m[1;33m[0m[0m
[0;32m    121[0m [1;33m[0m[0m

[1;32m/usr/lib/python2.7/shutil.pyc[0m in [0;36mcopyfile[1;34m(src, dst)[0m
[0;32m     81[0m [1;33m[0m[0m
[0;32m     82[0m     [1;32mwith[0m [0mopen[0m[1;33m([0m[0msrc[0m[1;33m,[0m [1;34m'rb'[0m[1;33m)[0m [1;32mas[0m [0mfsrc[0m[1;33m:[0m[1;33m[0m[0m
[1;32m---> 83[1;33m         [1;32mwith[0m [0mopen[0m[1;33m([0m[0mdst[0m[1;33m,[0m [1;34m'wb'[0m[1;33m)[0m [1;32mas[0m [0mfdst[0m[1;33m:[0m[1;33m[0m[0m
[0m[0;32m     84[0m             [0mcopyfileobj[0m[1;33m([0m[0mfsrc[0m[1;33m,[0m [0mfdst[0m[1;33m)[0m[1;33m[0m[0m
[0;32m     85[0m [1;33m[0m[0m

[1;31mIOError[0m: [Errno 13] Permission denied: './lbc_smokehist.exe'
mv: cannot stat ‘prevalences.csv’: No such file or directory
[1] "inputscleanair_males_w1_r1_b1_w0_r0_b0_2018.csv has been created."
[1] "inputscleanair_females_w1_r1_b1_w0_r0_b0_2018.csv has been created."
Removing previously compiled python files
Removing old input files and old runs
Note, this module only cleans up before runs, not after
Reading inputs
[1;31m---------------------------------------------------------------------------[0m
[1;31mIOError[0m                                   Traceback (most recent call last)
[1;32m/home/jamietam/shg-policy-module/policy_shg.py[0m in [0;36m<module>[1;34m()[0m
[0;32m    615[0m [1;33m[0m[0m
[0;32m    616[0m [1;32mif[0m [0m__name__[0m [1;33m==[0m [1;34m'__main__'[0m[1;33m:[0m[1;33m[0m[0m
[1;32m--> 617[1;33m     [0mmain[0m[1;33m([0m[1;33m)[0m[1;33m[0m[0m
[0m
[1;32m/home/jamietam/shg-policy-module/policy_shg.py[0m in [0;36mmain[1;34m()[0m
[0;32m    583[0m     [0mread_demographics_file[0m[1;33m([0m[1;33m)[0m[1;33m[0m[0m
[0;32m    584[0m [1;33m[0m[0m
[1;32m--> 585[1;33m     [0mshutil[0m[1;33m.[0m[0mcopy[0m[1;33m([0m[0mjoin[0m[1;33m([0m[1;34m'executables'[0m[1;33m,[0m [0mversion[0m[1;33m,[0m [0mexe_name[0m[1;33m)[0m[1;33m,[0m [1;34m'./lbc_smokehist.exe'[0m[1;33m)[0m[1;33m[0m[0m
[0m[0;32m    586[0m [1;33m[0m[0m
[0;32m    587[0m     [1;32mprint[0m [1;34m'Running the simulations:'[0m[1;33m[0m[0m

[1;32m/usr/lib/python2.7/shutil.pyc[0m in [0;36mcopy[1;34m(src, dst)[0m
[0;32m    117[0m     [1;32mif[0m [0mos[0m[1;33m.[0m[0mpath[0m[1;33m.[0m[0misdir[0m[1;33m([0m[0mdst[0m[1;33m)[0m[1;33m:[0m[1;33m[0m[0m
[0;32m    118[0m         [0mdst[0m [1;33m=[0m [0mos[0m[1;33m.[0m[0mpath[0m[1;33m.[0m[0mjoin[0m[1;33m([0m[0mdst[0m[1;33m,[0m [0mos[0m[1;33m.[0m[0mpath[0m[1;33m.[0m[0mbasename[0m[1;33m([0m[0msrc[0m[1;33m)[0m[1;33m)[0m[1;33m[0m[0m
[1;32m--> 119[1;33m     [0mcopyfile[0m[1;33m([0m[0msrc[0m[1;33m,[0m [0mdst[0m[1;33m)[0m[1;33m[0m[0m
[0m[0;32m    120[0m     [0mcopymode[0m[1;33m([0m[0msrc[0m[1;33m,[0m [0mdst[0m[1;33m)[0m[1;33m[0m[0m
[0;32m    121[0m [1;33m[0m[0m

[1;32m/usr/lib/python2.7/shutil.pyc[0m in [0;36mcopyfile[1;34m(src, dst)[0m
[0;32m     81[0m [1;33m[0m[0m
[0;32m     82[0m     [1;32mwith[0m [0mopen[0m[1;33m([0m[0msrc[0m[1;33m,[0m [1;34m'rb'[0m[1;33m)[0m [1;32mas[0m [0mfsrc[0m[1;33m:[0m[1;33m[0m[0m
[1;32m---> 83[1;33m         [1;32mwith[0m [0mopen[0m[1;33m([0m[0mdst[0m[1;33m,[0m [1;34m'wb'[0m[1;33m)[0m [1;32mas[0m [0mfdst[0m[1;33m:[0m[1;33m[0m[0m
[0m[0;32m     84[0m             [0mcopyfileobj[0m[1;33m([0m[0mfsrc[0m[1;33m,[0m [0mfdst[0m[1;33m)[0m[1;33m[0m[0m
[0;32m     85[0m [1;33m[0m[0m

[1;31mIOError[0m: [Errno 13] Permission denied: './lbc_smokehist.exe'
mv: cannot stat ‘prevalences.csv’: No such file or directory
Removing previously compiled python files
Removing old input files and old runs
Note, this module only cleans up before runs, not after
Reading inputs
[1;31m---------------------------------------------------------------------------[0m
[1;31mIOError[0m                                   Traceback (most recent call last)
[1;32m/home/jamietam/shg-policy-module/policy_shg.py[0m in [0;36m<module>[1;34m()[0m
[0;32m    615[0m [1;33m[0m[0m
[0;32m    616[0m [1;32mif[0m [0m__name__[0m [1;33m==[0m [1;34m'__main__'[0m[1;33m:[0m[1;33m[0m[0m
[1;32m--> 617[1;33m     [0mmain[0m[1;33m([0m[1;33m)[0m[1;33m[0m[0m
[0m
[1;32m/home/jamietam/shg-policy-module/policy_shg.py[0m in [0;36mmain[1;34m()[0m
[0;32m    583[0m     [0mread_demographics_file[0m[1;33m([0m[1;33m)[0m[1;33m[0m[0m
[0;32m    584[0m [1;33m[0m[0m
[1;32m--> 585[1;33m     [0mshutil[0m[1;33m.[0m[0mcopy[0m[1;33m([0m[0mjoin[0m[1;33m([0m[1;34m'executables'[0m[1;33m,[0m [0mversion[0m[1;33m,[0m [0mexe_name[0m[1;33m)[0m[1;33m,[0m [1;34m'./lbc_smokehist.exe'[0m[1;33m)[0m[1;33m[0m[0m
[0m[0;32m    586[0m [1;33m[0m[0m
[0;32m    587[0m     [1;32mprint[0m [1;34m'Running the simulations:'[0m[1;33m[0m[0m

[1;32m/usr/lib/python2.7/shutil.pyc[0m in [0;36mcopy[1;34m(src, dst)[0m
[0;32m    117[0m     [1;32mif[0m [0mos[0m[1;33m.[0m[0mpath[0m[1;33m.[0m[0misdir[0m[1;33m([0m[0mdst[0m[1;33m)[0m[1;33m:[0m[1;33m[0m[0m
[0;32m    118[0m         [0mdst[0m [1;33m=[0m [0mos[0m[1;33m.[0m[0mpath[0m[1;33m.[0m[0mjoin[0m[1;33m([0m[0mdst[0m[1;33m,[0m [0mos[0m[1;33m.[0m[0mpath[0m[1;33m.[0m[0mbasename[0m[1;33m([0m[0msrc[0m[1;33m)[0m[1;33m)[0m[1;33m[0m[0m
[1;32m--> 119[1;33m     [0mcopyfile[0m[1;33m([0m[0msrc[0m[1;33m,[0m [0mdst[0m[1;33m)[0m[1;33m[0m[0m
[0m[0;32m    120[0m     [0mcopymode[0m[1;33m([0m[0msrc[0m[1;33m,[0m [0mdst[0m[1;33m)[0m[1;33m[0m[0m
[0;32m    121[0m [1;33m[0m[0m

[1;32m/usr/lib/python2.7/shutil.pyc[0m in [0;36mcopyfile[1;34m(src, dst)[0m
[0;32m     81[0m [1;33m[0m[0m
[0;32m     82[0m     [1;32mwith[0m [0mopen[0m[1;33m([0m[0msrc[0m[1;33m,[0m [1;34m'rb'[0m[1;33m)[0m [1;32mas[0m [0mfsrc[0m[1;33m:[0m[1;33m[0m[0m
[1;32m---> 83[1;33m         [1;32mwith[0m [0mopen[0m[1;33m([0m[0mdst[0m[1;33m,[0m [1;34m'wb'[0m[1;33m)[0m [1;32mas[0m [0mfdst[0m[1;33m:[0m[1;33m[0m[0m
[0m[0;32m     84[0m             [0mcopyfileobj[0m[1;33m([0m[0mfsrc[0m[1;33m,[0m [0mfdst[0m[1;33m)[0m[1;33m[0m[0m
[0;32m     85[0m [1;33m[0m[0m

[1;31mIOError[0m: [Errno 13] Permission denied: './lbc_smokehist.exe'
mv: cannot stat ‘prevalences.csv’: No such file or directory
[1] "inputscleanair_males_w1_r1_b1_w0_r0_b0_2020.csv has been created."
[1] "inputscleanair_females_w1_r1_b1_w0_r0_b0_2020.csv has been created."
Removing previously compiled python files
Removing old input files and old runs
Note, this module only cleans up before runs, not after
Reading inputs
[1;31m---------------------------------------------------------------------------[0m
[1;31mIOError[0m                                   Traceback (most recent call last)
[1;32m/home/jamietam/shg-policy-module/policy_shg.py[0m in [0;36m<module>[1;34m()[0m
[0;32m    615[0m [1;33m[0m[0m
[0;32m    616[0m [1;32mif[0m [0m__name__[0m [1;33m==[0m [1;34m'__main__'[0m[1;33m:[0m[1;33m[0m[0m
[1;32m--> 617[1;33m     [0mmain[0m[1;33m([0m[1;33m)[0m[1;33m[0m[0m
[0m
[1;32m/home/jamietam/shg-policy-module/policy_shg.py[0m in [0;36mmain[1;34m()[0m
[0;32m    583[0m     [0mread_demographics_file[0m[1;33m([0m[1;33m)[0m[1;33m[0m[0m
[0;32m    584[0m [1;33m[0m[0m
[1;32m--> 585[1;33m     [0mshutil[0m[1;33m.[0m[0mcopy[0m[1;33m([0m[0mjoin[0m[1;33m([0m[1;34m'executables'[0m[1;33m,[0m [0mversion[0m[1;33m,[0m [0mexe_name[0m[1;33m)[0m[1;33m,[0m [1;34m'./lbc_smokehist.exe'[0m[1;33m)[0m[1;33m[0m[0m
[0m[0;32m    586[0m [1;33m[0m[0m
[0;32m    587[0m     [1;32mprint[0m [1;34m'Running the simulations:'[0m[1;33m[0m[0m

[1;32m/usr/lib/python2.7/shutil.pyc[0m in [0;36mcopy[1;34m(src, dst)[0m
[0;32m    117[0m     [1;32mif[0m [0mos[0m[1;33m.[0m[0mpath[0m[1;33m.[0m[0misdir[0m[1;33m([0m[0mdst[0m[1;33m)[0m[1;33m:[0m[1;33m[0m[0m
[0;32m    118[0m         [0mdst[0m [1;33m=[0m [0mos[0m[1;33m.[0m[0mpath[0m[1;33m.[0m[0mjoin[0m[1;33m([0m[0mdst[0m[1;33m,[0m [0mos[0m[1;33m.[0m[0mpath[0m[1;33m.[0m[0mbasename[0m[1;33m([0m[0msrc[0m[1;33m)[0m[1;33m)[0m[1;33m[0m[0m
[1;32m--> 119[1;33m     [0mcopyfile[0m[1;33m([0m[0msrc[0m[1;33m,[0m [0mdst[0m[1;33m)[0m[1;33m[0m[0m
[0m[0;32m    120[0m     [0mcopymode[0m[1;33m([0m[0msrc[0m[1;33m,[0m [0mdst[0m[1;33m)[0m[1;33m[0m[0m
[0;32m    121[0m [1;33m[0m[0m

[1;32m/usr/lib/python2.7/shutil.pyc[0m in [0;36mcopyfile[1;34m(src, dst)[0m
[0;32m     81[0m [1;33m[0m[0m
[0;32m     82[0m     [1;32mwith[0m [0mopen[0m[1;33m([0m[0msrc[0m[1;33m,[0m [1;34m'rb'[0m[1;33m)[0m [1;32mas[0m [0mfsrc[0m[1;33m:[0m[1;33m[0m[0m
[1;32m---> 83[1;33m         [1;32mwith[0m [0mopen[0m[1;33m([0m[0mdst[0m[1;33m,[0m [1;34m'wb'[0m[1;33m)[0m [1;32mas[0m [0mfdst[0m[1;33m:[0m[1;33m[0m[0m
[0m[0;32m     84[0m             [0mcopyfileobj[0m[1;33m([0m[0mfsrc[0m[1;33m,[0m [0mfdst[0m[1;33m)[0m[1;33m[0m[0m
[0;32m     85[0m [1;33m[0m[0m

[1;31mIOError[0m: [Errno 13] Permission denied: './lbc_smokehist.exe'
mv: cannot stat ‘prevalences.csv’: No such file or directory
Removing previously compiled python files
Removing old input files and old runs
Note, this module only cleans up before runs, not after
Reading inputs
[1;31m---------------------------------------------------------------------------[0m
[1;31mIOError[0m                                   Traceback (most recent call last)
[1;32m/home/jamietam/shg-policy-module/policy_shg.py[0m in [0;36m<module>[1;34m()[0m
[0;32m    615[0m [1;33m[0m[0m
[0;32m    616[0m [1;32mif[0m [0m__name__[0m [1;33m==[0m [1;34m'__main__'[0m[1;33m:[0m[1;33m[0m[0m
[1;32m--> 617[1;33m     [0mmain[0m[1;33m([0m[1;33m)[0m[1;33m[0m[0m
[0m
[1;32m/home/jamietam/shg-policy-module/policy_shg.py[0m in [0;36mmain[1;34m()[0m
[0;32m    583[0m     [0mread_demographics_file[0m[1;33m([0m[1;33m)[0m[1;33m[0m[0m
[0;32m    584[0m [1;33m[0m[0m
[1;32m--> 585[1;33m     [0mshutil[0m[1;33m.[0m[0mcopy[0m[1;33m([0m[0mjoin[0m[1;33m([0m[1;34m'executables'[0m[1;33m,[0m [0mversion[0m[1;33m,[0m [0mexe_name[0m[1;33m)[0m[1;33m,[0m [1;34m'./lbc_smokehist.exe'[0m[1;33m)[0m[1;33m[0m[0m
[0m[0;32m    586[0m [1;33m[0m[0m
[0;32m    587[0m     [1;32mprint[0m [1;34m'Running the simulations:'[0m[1;33m[0m[0m

[1;32m/usr/lib/python2.7/shutil.pyc[0m in [0;36mcopy[1;34m(src, dst)[0m
[0;32m    117[0m     [1;32mif[0m [0mos[0m[1;33m.[0m[0mpath[0m[1;33m.[0m[0misdir[0m[1;33m([0m[0mdst[0m[1;33m)[0m[1;33m:[0m[1;33m[0m[0m
[0;32m    118[0m         [0mdst[0m [1;33m=[0m [0mos[0m[1;33m.[0m[0mpath[0m[1;33m.[0m[0mjoin[0m[1;33m([0m[0mdst[0m[1;33m,[0m [0mos[0m[1;33m.[0m[0mpath[0m[1;33m.[0m[0mbasename[0m[1;33m([0m[0msrc[0m[1;33m)[0m[1;33m)[0m[1;33m[0m[0m
[1;32m--> 119[1;33m     [0mcopyfile[0m[1;33m([0m[0msrc[0m[1;33m,[0m [0mdst[0m[1;33m)[0m[1;33m[0m[0m
[0m[0;32m    120[0m     [0mcopymode[0m[1;33m([0m[0msrc[0m[1;33m,[0m [0mdst[0m[1;33m)[0m[1;33m[0m[0m
[0;32m    121[0m [1;33m[0m[0m

[1;32m/usr/lib/python2.7/shutil.pyc[0m in [0;36mcopyfile[1;34m(src, dst)[0m
[0;32m     81[0m [1;33m[0m[0m
[0;32m     82[0m     [1;32mwith[0m [0mopen[0m[1;33m([0m[0msrc[0m[1;33m,[0m [1;34m'rb'[0m[1;33m)[0m [1;32mas[0m [0mfsrc[0m[1;33m:[0m[1;33m[0m[0m
[1;32m---> 83[1;33m         [1;32mwith[0m [0mopen[0m[1;33m([0m[0mdst[0m[1;33m,[0m [1;34m'wb'[0m[1;33m)[0m [1;32mas[0m [0mfdst[0m[1;33m:[0m[1;33m[0m[0m
[0m[0;32m     84[0m             [0mcopyfileobj[0m[1;33m([0m[0mfsrc[0m[1;33m,[0m [0mfdst[0m[1;33m)[0m[1;33m[0m[0m
[0;32m     85[0m [1;33m[0m[0m

[1;31mIOError[0m: [Errno 13] Permission denied: './lbc_smokehist.exe'
mv: cannot stat ‘prevalences.csv’: No such file or directory
Error in file(file, "rt") : cannot open the connection
Calls: read.csv -> read.table -> file
In addition: Warning message:
In file(file, "rt") :
  cannot open file 'prevalences_males_2015.csv': No such file or directory
Execution halted
mv: cannot stat ‘results_w1_r1_b1_w0_r0_b0.csv’: No such file or directory
mv: cannot stat ‘deaths_w1_r1_b1_w0_r0_b0.csv’: No such file or directory
mv: cannot stat ‘prevalences*’: No such file or directory
[1] "inputscleanair_males_w0_r1_b1_w0_r0_b0_2015.csv has been created."
[1] "inputscleanair_females_w0_r1_b1_w0_r0_b0_2015.csv has been created."
Removing previously compiled python files
Removing old input files and old runs
Note, this module only cleans up before runs, not after
Reading inputs
[1;31m---------------------------------------------------------------------------[0m
[1;31mIOError[0m                                   Traceback (most recent call last)
[1;32m/home/jamietam/shg-policy-module/policy_shg.py[0m in [0;36m<module>[1;34m()[0m
[0;32m    615[0m [1;33m[0m[0m
[0;32m    616[0m [1;32mif[0m [0m__name__[0m [1;33m==[0m [1;34m'__main__'[0m[1;33m:[0m[1;33m[0m[0m
[1;32m--> 617[1;33m     [0mmain[0m[1;33m([0m[1;33m)[0m[1;33m[0m[0m
[0m
[1;32m/home/jamietam/shg-policy-module/policy_shg.py[0m in [0;36mmain[1;34m()[0m
[0;32m    583[0m     [0mread_demographics_file[0m[1;33m([0m[1;33m)[0m[1;33m[0m[0m
[0;32m    584[0m [1;33m[0m[0m
[1;32m--> 585[1;33m     [0mshutil[0m[1;33m.[0m[0mcopy[0m[1;33m([0m[0mjoin[0m[1;33m([0m[1;34m'executables'[0m[1;33m,[0m [0mversion[0m[1;33m,[0m [0mexe_name[0m[1;33m)[0m[1;33m,[0m [1;34m'./lbc_smokehist.exe'[0m[1;33m)[0m[1;33m[0m[0m
[0m[0;32m    586[0m [1;33m[0m[0m
[0;32m    587[0m     [1;32mprint[0m [1;34m'Running the simulations:'[0m[1;33m[0m[0m

[1;32m/usr/lib/python2.7/shutil.pyc[0m in [0;36mcopy[1;34m(src, dst)[0m
[0;32m    117[0m     [1;32mif[0m [0mos[0m[1;33m.[0m[0mpath[0m[1;33m.[0m[0misdir[0m[1;33m([0m[0mdst[0m[1;33m)[0m[1;33m:[0m[1;33m[0m[0m
[0;32m    118[0m         [0mdst[0m [1;33m=[0m [0mos[0m[1;33m.[0m[0mpath[0m[1;33m.[0m[0mjoin[0m[1;33m([0m[0mdst[0m[1;33m,[0m [0mos[0m[1;33m.[0m[0mpath[0m[1;33m.[0m[0mbasename[0m[1;33m([0m[0msrc[0m[1;33m)[0m[1;33m)[0m[1;33m[0m[0m
[1;32m--> 119[1;33m     [0mcopyfile[0m[1;33m([0m[0msrc[0m[1;33m,[0m [0mdst[0m[1;33m)[0m[1;33m[0m[0m
[0m[0;32m    120[0m     [0mcopymode[0m[1;33m([0m[0msrc[0m[1;33m,[0m [0mdst[0m[1;33m)[0m[1;33m[0m[0m
[0;32m    121[0m [1;33m[0m[0m

[1;32m/usr/lib/python2.7/shutil.pyc[0m in [0;36mcopyfile[1;34m(src, dst)[0m
[0;32m     81[0m [1;33m[0m[0m
[0;32m     82[0m     [1;32mwith[0m [0mopen[0m[1;33m([0m[0msrc[0m[1;33m,[0m [1;34m'rb'[0m[1;33m)[0m [1;32mas[0m [0mfsrc[0m[1;33m:[0m[1;33m[0m[0m
[1;32m---> 83[1;33m         [1;32mwith[0m [0mopen[0m[1;33m([0m[0mdst[0m[1;33m,[0m [1;34m'wb'[0m[1;33m)[0m [1;32mas[0m [0mfdst[0m[1;33m:[0m[1;33m[0m[0m
[0m[0;32m     84[0m             [0mcopyfileobj[0m[1;33m([0m[0mfsrc[0m[1;33m,[0m [0mfdst[0m[1;33m)[0m[1;33m[0m[0m
[0;32m     85[0m [1;33m[0m[0m

[1;31mIOError[0m: [Errno 13] Permission denied: './lbc_smokehist.exe'
mv: cannot stat ‘prevalences.csv’: No such file or directory
Removing previously compiled python files
Removing old input files and old runs
Note, this module only cleans up before runs, not after
Reading inputs
[1;31m---------------------------------------------------------------------------[0m
[1;31mIOError[0m                                   Traceback (most recent call last)
[1;32m/home/jamietam/shg-policy-module/policy_shg.py[0m in [0;36m<module>[1;34m()[0m
[0;32m    615[0m [1;33m[0m[0m
[0;32m    616[0m [1;32mif[0m [0m__name__[0m [1;33m==[0m [1;34m'__main__'[0m[1;33m:[0m[1;33m[0m[0m
[1;32m--> 617[1;33m     [0mmain[0m[1;33m([0m[1;33m)[0m[1;33m[0m[0m
[0m
[1;32m/home/jamietam/shg-policy-module/policy_shg.py[0m in [0;36mmain[1;34m()[0m
[0;32m    583[0m     [0mread_demographics_file[0m[1;33m([0m[1;33m)[0m[1;33m[0m[0m
[0;32m    584[0m [1;33m[0m[0m
[1;32m--> 585[1;33m     [0mshutil[0m[1;33m.[0m[0mcopy[0m[1;33m([0m[0mjoin[0m[1;33m([0m[1;34m'executables'[0m[1;33m,[0m [0mversion[0m[1;33m,[0m [0mexe_name[0m[1;33m)[0m[1;33m,[0m [1;34m'./lbc_smokehist.exe'[0m[1;33m)[0m[1;33m[0m[0m
[0m[0;32m    586[0m [1;33m[0m[0m
[0;32m    587[0m     [1;32mprint[0m [1;34m'Running the simulations:'[0m[1;33m[0m[0m

[1;32m/usr/lib/python2.7/shutil.pyc[0m in [0;36mcopy[1;34m(src, dst)[0m
[0;32m    117[0m     [1;32mif[0m [0mos[0m[1;33m.[0m[0mpath[0m[1;33m.[0m[0misdir[0m[1;33m([0m[0mdst[0m[1;33m)[0m[1;33m:[0m[1;33m[0m[0m
[0;32m    118[0m         [0mdst[0m [1;33m=[0m [0mos[0m[1;33m.[0m[0mpath[0m[1;33m.[0m[0mjoin[0m[1;33m([0m[0mdst[0m[1;33m,[0m [0mos[0m[1;33m.[0m[0mpath[0m[1;33m.[0m[0mbasename[0m[1;33m([0m[0msrc[0m[1;33m)[0m[1;33m)[0m[1;33m[0m[0m
[1;32m--> 119[1;33m     [0mcopyfile[0m[1;33m([0m[0msrc[0m[1;33m,[0m [0mdst[0m[1;33m)[0m[1;33m[0m[0m
[0m[0;32m    120[0m     [0mcopymode[0m[1;33m([0m[0msrc[0m[1;33m,[0m [0mdst[0m[1;33m)[0m[1;33m[0m[0m
[0;32m    121[0m [1;33m[0m[0m

[1;32m/usr/lib/python2.7/shutil.pyc[0m in [0;36mcopyfile[1;34m(src, dst)[0m
[0;32m     81[0m [1;33m[0m[0m
[0;32m     82[0m     [1;32mwith[0m [0mopen[0m[1;33m([0m[0msrc[0m[1;33m,[0m [1;34m'rb'[0m[1;33m)[0m [1;32mas[0m [0mfsrc[0m[1;33m:[0m[1;33m[0m[0m
[1;32m---> 83[1;33m         [1;32mwith[0m [0mopen[0m[1;33m([0m[0mdst[0m[1;33m,[0m [1;34m'wb'[0m[1;33m)[0m [1;32mas[0m [0mfdst[0m[1;33m:[0m[1;33m[0m[0m
[0m[0;32m     84[0m             [0mcopyfileobj[0m[1;33m([0m[0mfsrc[0m[1;33m,[0m [0mfdst[0m[1;33m)[0m[1;33m[0m[0m
[0;32m     85[0m [1;33m[0m[0m

[1;31mIOError[0m: [Errno 13] Permission denied: './lbc_smokehist.exe'
mv: cannot stat ‘prevalences.csv’: No such file or directory
[1] "inputscleanair_males_w0_r1_b1_w0_r0_b0_2016.csv has been created."
[1] "inputscleanair_females_w0_r1_b1_w0_r0_b0_2016.csv has been created."
Removing previously compiled python files
Removing old input files and old runs
Note, this module only cleans up before runs, not after
Reading inputs
[1;31m---------------------------------------------------------------------------[0m
[1;31mIOError[0m                                   Traceback (most recent call last)
[1;32m/home/jamietam/shg-policy-module/policy_shg.py[0m in [0;36m<module>[1;34m()[0m
[0;32m    615[0m [1;33m[0m[0m
[0;32m    616[0m [1;32mif[0m [0m__name__[0m [1;33m==[0m [1;34m'__main__'[0m[1;33m:[0m[1;33m[0m[0m
[1;32m--> 617[1;33m     [0mmain[0m[1;33m([0m[1;33m)[0m[1;33m[0m[0m
[0m
[1;32m/home/jamietam/shg-policy-module/policy_shg.py[0m in [0;36mmain[1;34m()[0m
[0;32m    583[0m     [0mread_demographics_file[0m[1;33m([0m[1;33m)[0m[1;33m[0m[0m
[0;32m    584[0m [1;33m[0m[0m
[1;32m--> 585[1;33m     [0mshutil[0m[1;33m.[0m[0mcopy[0m[1;33m([0m[0mjoin[0m[1;33m([0m[1;34m'executables'[0m[1;33m,[0m [0mversion[0m[1;33m,[0m [0mexe_name[0m[1;33m)[0m[1;33m,[0m [1;34m'./lbc_smokehist.exe'[0m[1;33m)[0m[1;33m[0m[0m
[0m[0;32m    586[0m [1;33m[0m[0m
[0;32m    587[0m     [1;32mprint[0m [1;34m'Running the simulations:'[0m[1;33m[0m[0m

[1;32m/usr/lib/python2.7/shutil.pyc[0m in [0;36mcopy[1;34m(src, dst)[0m
[0;32m    117[0m     [1;32mif[0m [0mos[0m[1;33m.[0m[0mpath[0m[1;33m.[0m[0misdir[0m[1;33m([0m[0mdst[0m[1;33m)[0m[1;33m:[0m[1;33m[0m[0m
[0;32m    118[0m         [0mdst[0m [1;33m=[0m [0mos[0m[1;33m.[0m[0mpath[0m[1;33m.[0m[0mjoin[0m[1;33m([0m[0mdst[0m[1;33m,[0m [0mos[0m[1;33m.[0m[0mpath[0m[1;33m.[0m[0mbasename[0m[1;33m([0m[0msrc[0m[1;33m)[0m[1;33m)[0m[1;33m[0m[0m
[1;32m--> 119[1;33m     [0mcopyfile[0m[1;33m([0m[0msrc[0m[1;33m,[0m [0mdst[0m[1;33m)[0m[1;33m[0m[0m
[0m[0;32m    120[0m     [0mcopymode[0m[1;33m([0m[0msrc[0m[1;33m,[0m [0mdst[0m[1;33m)[0m[1;33m[0m[0m
[0;32m    121[0m [1;33m[0m[0m

[1;32m/usr/lib/python2.7/shutil.pyc[0m in [0;36mcopyfile[1;34m(src, dst)[0m
[0;32m     81[0m [1;33m[0m[0m
[0;32m     82[0m     [1;32mwith[0m [0mopen[0m[1;33m([0m[0msrc[0m[1;33m,[0m [1;34m'rb'[0m[1;33m)[0m [1;32mas[0m [0mfsrc[0m[1;33m:[0m[1;33m[0m[0m
[1;32m---> 83[1;33m         [1;32mwith[0m [0mopen[0m[1;33m([0m[0mdst[0m[1;33m,[0m [1;34m'wb'[0m[1;33m)[0m [1;32mas[0m [0mfdst[0m[1;33m:[0m[1;33m[0m[0m
[0m[0;32m     84[0m             [0mcopyfileobj[0m[1;33m([0m[0mfsrc[0m[1;33m,[0m [0mfdst[0m[1;33m)[0m[1;33m[0m[0m
[0;32m     85[0m [1;33m[0m[0m

[1;31mIOError[0m: [Errno 13] Permission denied: './lbc_smokehist.exe'
mv: cannot stat ‘prevalences.csv’: No such file or directory
Removing previously compiled python files
Removing old input files and old runs
Note, this module only cleans up before runs, not after
Reading inputs
[1;31m---------------------------------------------------------------------------[0m
[1;31mIOError[0m                                   Traceback (most recent call last)
[1;32m/home/jamietam/shg-policy-module/policy_shg.py[0m in [0;36m<module>[1;34m()[0m
[0;32m    615[0m [1;33m[0m[0m
[0;32m    616[0m [1;32mif[0m [0m__name__[0m [1;33m==[0m [1;34m'__main__'[0m[1;33m:[0m[1;33m[0m[0m
[1;32m--> 617[1;33m     [0mmain[0m[1;33m([0m[1;33m)[0m[1;33m[0m[0m
[0m
[1;32m/home/jamietam/shg-policy-module/policy_shg.py[0m in [0;36mmain[1;34m()[0m
[0;32m    583[0m     [0mread_demographics_file[0m[1;33m([0m[1;33m)[0m[1;33m[0m[0m
[0;32m    584[0m [1;33m[0m[0m
[1;32m--> 585[1;33m     [0mshutil[0m[1;33m.[0m[0mcopy[0m[1;33m([0m[0mjoin[0m[1;33m([0m[1;34m'executables'[0m[1;33m,[0m [0mversion[0m[1;33m,[0m [0mexe_name[0m[1;33m)[0m[1;33m,[0m [1;34m'./lbc_smokehist.exe'[0m[1;33m)[0m[1;33m[0m[0m
[0m[0;32m    586[0m [1;33m[0m[0m
[0;32m    587[0m     [1;32mprint[0m [1;34m'Running the simulations:'[0m[1;33m[0m[0m

[1;32m/usr/lib/python2.7/shutil.pyc[0m in [0;36mcopy[1;34m(src, dst)[0m
[0;32m    117[0m     [1;32mif[0m [0mos[0m[1;33m.[0m[0mpath[0m[1;33m.[0m[0misdir[0m[1;33m([0m[0mdst[0m[1;33m)[0m[1;33m:[0m[1;33m[0m[0m
[0;32m    118[0m         [0mdst[0m [1;33m=[0m [0mos[0m[1;33m.[0m[0mpath[0m[1;33m.[0m[0mjoin[0m[1;33m([0m[0mdst[0m[1;33m,[0m [0mos[0m[1;33m.[0m[0mpath[0m[1;33m.[0m[0mbasename[0m[1;33m([0m[0msrc[0m[1;33m)[0m[1;33m)[0m[1;33m[0m[0m
[1;32m--> 119[1;33m     [0mcopyfile[0m[1;33m([0m[0msrc[0m[1;33m,[0m [0mdst[0m[1;33m)[0m[1;33m[0m[0m
[0m[0;32m    120[0m     [0mcopymode[0m[1;33m([0m[0msrc[0m[1;33m,[0m [0mdst[0m[1;33m)[0m[1;33m[0m[0m
[0;32m    121[0m [1;33m[0m[0m

[1;32m/usr/lib/python2.7/shutil.pyc[0m in [0;36mcopyfile[1;34m(src, dst)[0m
[0;32m     81[0m [1;33m[0m[0m
[0;32m     82[0m     [1;32mwith[0m [0mopen[0m[1;33m([0m[0msrc[0m[1;33m,[0m [1;34m'rb'[0m[1;33m)[0m [1;32mas[0m [0mfsrc[0m[1;33m:[0m[1;33m[0m[0m
[1;32m---> 83[1;33m         [1;32mwith[0m [0mopen[0m[1;33m([0m[0mdst[0m[1;33m,[0m [1;34m'wb'[0m[1;33m)[0m [1;32mas[0m [0mfdst[0m[1;33m:[0m[1;33m[0m[0m
[0m[0;32m     84[0m             [0mcopyfileobj[0m[1;33m([0m[0mfsrc[0m[1;33m,[0m [0mfdst[0m[1;33m)[0m[1;33m[0m[0m
[0;32m     85[0m [1;33m[0m[0m

[1;31mIOError[0m: [Errno 13] Permission denied: './lbc_smokehist.exe'
mv: cannot stat ‘prevalences.csv’: No such file or directory
[1] "inputscleanair_males_w0_r1_b1_w0_r0_b0_2018.csv has been created."
[1] "inputscleanair_females_w0_r1_b1_w0_r0_b0_2018.csv has been created."
Removing previously compiled python files
Removing old input files and old runs
Note, this module only cleans up before runs, not after
Reading inputs
[1;31m---------------------------------------------------------------------------[0m
[1;31mIOError[0m                                   Traceback (most recent call last)
[1;32m/home/jamietam/shg-policy-module/policy_shg.py[0m in [0;36m<module>[1;34m()[0m
[0;32m    615[0m [1;33m[0m[0m
[0;32m    616[0m [1;32mif[0m [0m__name__[0m [1;33m==[0m [1;34m'__main__'[0m[1;33m:[0m[1;33m[0m[0m
[1;32m--> 617[1;33m     [0mmain[0m[1;33m([0m[1;33m)[0m[1;33m[0m[0m
[0m
[1;32m/home/jamietam/shg-policy-module/policy_shg.py[0m in [0;36mmain[1;34m()[0m
[0;32m    583[0m     [0mread_demographics_file[0m[1;33m([0m[1;33m)[0m[1;33m[0m[0m
[0;32m    584[0m [1;33m[0m[0m
[1;32m--> 585[1;33m     [0mshutil[0m[1;33m.[0m[0mcopy[0m[1;33m([0m[0mjoin[0m[1;33m([0m[1;34m'executables'[0m[1;33m,[0m [0mversion[0m[1;33m,[0m [0mexe_name[0m[1;33m)[0m[1;33m,[0m [1;34m'./lbc_smokehist.exe'[0m[1;33m)[0m[1;33m[0m[0m
[0m[0;32m    586[0m [1;33m[0m[0m
[0;32m    587[0m     [1;32mprint[0m [1;34m'Running the simulations:'[0m[1;33m[0m[0m

[1;32m/usr/lib/python2.7/shutil.pyc[0m in [0;36mcopy[1;34m(src, dst)[0m
[0;32m    117[0m     [1;32mif[0m [0mos[0m[1;33m.[0m[0mpath[0m[1;33m.[0m[0misdir[0m[1;33m([0m[0mdst[0m[1;33m)[0m[1;33m:[0m[1;33m[0m[0m
[0;32m    118[0m         [0mdst[0m [1;33m=[0m [0mos[0m[1;33m.[0m[0mpath[0m[1;33m.[0m[0mjoin[0m[1;33m([0m[0mdst[0m[1;33m,[0m [0mos[0m[1;33m.[0m[0mpath[0m[1;33m.[0m[0mbasename[0m[1;33m([0m[0msrc[0m[1;33m)[0m[1;33m)[0m[1;33m[0m[0m
[1;32m--> 119[1;33m     [0mcopyfile[0m[1;33m([0m[0msrc[0m[1;33m,[0m [0mdst[0m[1;33m)[0m[1;33m[0m[0m
[0m[0;32m    120[0m     [0mcopymode[0m[1;33m([0m[0msrc[0m[1;33m,[0m [0mdst[0m[1;33m)[0m[1;33m[0m[0m
[0;32m    121[0m [1;33m[0m[0m

[1;32m/usr/lib/python2.7/shutil.pyc[0m in [0;36mcopyfile[1;34m(src, dst)[0m
[0;32m     81[0m [1;33m[0m[0m
[0;32m     82[0m     [1;32mwith[0m [0mopen[0m[1;33m([0m[0msrc[0m[1;33m,[0m [1;34m'rb'[0m[1;33m)[0m [1;32mas[0m [0mfsrc[0m[1;33m:[0m[1;33m[0m[0m
[1;32m---> 83[1;33m         [1;32mwith[0m [0mopen[0m[1;33m([0m[0mdst[0m[1;33m,[0m [1;34m'wb'[0m[1;33m)[0m [1;32mas[0m [0mfdst[0m[1;33m:[0m[1;33m[0m[0m
[0m[0;32m     84[0m             [0mcopyfileobj[0m[1;33m([0m[0mfsrc[0m[1;33m,[0m [0mfdst[0m[1;33m)[0m[1;33m[0m[0m
[0;32m     85[0m [1;33m[0m[0m

[1;31mIOError[0m: [Errno 13] Permission denied: './lbc_smokehist.exe'
mv: cannot stat ‘prevalences.csv’: No such file or directory
Removing previously compiled python files
Removing old input files and old runs
Note, this module only cleans up before runs, not after
Reading inputs
[1;31m---------------------------------------------------------------------------[0m
[1;31mIOError[0m                                   Traceback (most recent call last)
[1;32m/home/jamietam/shg-policy-module/policy_shg.py[0m in [0;36m<module>[1;34m()[0m
[0;32m    615[0m [1;33m[0m[0m
[0;32m    616[0m [1;32mif[0m [0m__name__[0m [1;33m==[0m [1;34m'__main__'[0m[1;33m:[0m[1;33m[0m[0m
[1;32m--> 617[1;33m     [0mmain[0m[1;33m([0m[1;33m)[0m[1;33m[0m[0m
[0m
[1;32m/home/jamietam/shg-policy-module/policy_shg.py[0m in [0;36mmain[1;34m()[0m
[0;32m    583[0m     [0mread_demographics_file[0m[1;33m([0m[1;33m)[0m[1;33m[0m[0m
[0;32m    584[0m [1;33m[0m[0m
[1;32m--> 585[1;33m     [0mshutil[0m[1;33m.[0m[0mcopy[0m[1;33m([0m[0mjoin[0m[1;33m([0m[1;34m'executables'[0m[1;33m,[0m [0mversion[0m[1;33m,[0m [0mexe_name[0m[1;33m)[0m[1;33m,[0m [1;34m'./lbc_smokehist.exe'[0m[1;33m)[0m[1;33m[0m[0m
[0m[0;32m    586[0m [1;33m[0m[0m
[0;32m    587[0m     [1;32mprint[0m [1;34m'Running the simulations:'[0m[1;33m[0m[0m

[1;32m/usr/lib/python2.7/shutil.pyc[0m in [0;36mcopy[1;34m(src, dst)[0m
[0;32m    117[0m     [1;32mif[0m [0mos[0m[1;33m.[0m[0mpath[0m[1;33m.[0m[0misdir[0m[1;33m([0m[0mdst[0m[1;33m)[0m[1;33m:[0m[1;33m[0m[0m
[0;32m    118[0m         [0mdst[0m [1;33m=[0m [0mos[0m[1;33m.[0m[0mpath[0m[1;33m.[0m[0mjoin[0m[1;33m([0m[0mdst[0m[1;33m,[0m [0mos[0m[1;33m.[0m[0mpath[0m[1;33m.[0m[0mbasename[0m[1;33m([0m[0msrc[0m[1;33m)[0m[1;33m)[0m[1;33m[0m[0m
[1;32m--> 119[1;33m     [0mcopyfile[0m[1;33m([0m[0msrc[0m[1;33m,[0m [0mdst[0m[1;33m)[0m[1;33m[0m[0m
[0m[0;32m    120[0m     [0mcopymode[0m[1;33m([0m[0msrc[0m[1;33m,[0m [0mdst[0m[1;33m)[0m[1;33m[0m[0m
[0;32m    121[0m [1;33m[0m[0m

[1;32m/usr/lib/python2.7/shutil.pyc[0m in [0;36mcopyfile[1;34m(src, dst)[0m
[0;32m     81[0m [1;33m[0m[0m
[0;32m     82[0m     [1;32mwith[0m [0mopen[0m[1;33m([0m[0msrc[0m[1;33m,[0m [1;34m'rb'[0m[1;33m)[0m [1;32mas[0m [0mfsrc[0m[1;33m:[0m[1;33m[0m[0m
[1;32m---> 83[1;33m         [1;32mwith[0m [0mopen[0m[1;33m([0m[0mdst[0m[1;33m,[0m [1;34m'wb'[0m[1;33m)[0m [1;32mas[0m [0mfdst[0m[1;33m:[0m[1;33m[0m[0m
[0m[0;32m     84[0m             [0mcopyfileobj[0m[1;33m([0m[0mfsrc[0m[1;33m,[0m [0mfdst[0m[1;33m)[0m[1;33m[0m[0m
[0;32m     85[0m [1;33m[0m[0m

[1;31mIOError[0m: [Errno 13] Permission denied: './lbc_smokehist.exe'
mv: cannot stat ‘prevalences.csv’: No such file or directory
[1] "inputscleanair_males_w0_r1_b1_w0_r0_b0_2020.csv has been created."
[1] "inputscleanair_females_w0_r1_b1_w0_r0_b0_2020.csv has been created."
Removing previously compiled python files
Removing old input files and old runs
Note, this module only cleans up before runs, not after
Reading inputs
[1;31m---------------------------------------------------------------------------[0m
[1;31mIOError[0m                                   Traceback (most recent call last)
[1;32m/home/jamietam/shg-policy-module/policy_shg.py[0m in [0;36m<module>[1;34m()[0m
[0;32m    615[0m [1;33m[0m[0m
[0;32m    616[0m [1;32mif[0m [0m__name__[0m [1;33m==[0m [1;34m'__main__'[0m[1;33m:[0m[1;33m[0m[0m
[1;32m--> 617[1;33m     [0mmain[0m[1;33m([0m[1;33m)[0m[1;33m[0m[0m
[0m
[1;32m/home/jamietam/shg-policy-module/policy_shg.py[0m in [0;36mmain[1;34m()[0m
[0;32m    583[0m     [0mread_demographics_file[0m[1;33m([0m[1;33m)[0m[1;33m[0m[0m
[0;32m    584[0m [1;33m[0m[0m
[1;32m--> 585[1;33m     [0mshutil[0m[1;33m.[0m[0mcopy[0m[1;33m([0m[0mjoin[0m[1;33m([0m[1;34m'executables'[0m[1;33m,[0m [0mversion[0m[1;33m,[0m [0mexe_name[0m[1;33m)[0m[1;33m,[0m [1;34m'./lbc_smokehist.exe'[0m[1;33m)[0m[1;33m[0m[0m
[0m[0;32m    586[0m [1;33m[0m[0m
[0;32m    587[0m     [1;32mprint[0m [1;34m'Running the simulations:'[0m[1;33m[0m[0m

[1;32m/usr/lib/python2.7/shutil.pyc[0m in [0;36mcopy[1;34m(src, dst)[0m
[0;32m    117[0m     [1;32mif[0m [0mos[0m[1;33m.[0m[0mpath[0m[1;33m.[0m[0misdir[0m[1;33m([0m[0mdst[0m[1;33m)[0m[1;33m:[0m[1;33m[0m[0m
[0;32m    118[0m         [0mdst[0m [1;33m=[0m [0mos[0m[1;33m.[0m[0mpath[0m[1;33m.[0m[0mjoin[0m[1;33m([0m[0mdst[0m[1;33m,[0m [0mos[0m[1;33m.[0m[0mpath[0m[1;33m.[0m[0mbasename[0m[1;33m([0m[0msrc[0m[1;33m)[0m[1;33m)[0m[1;33m[0m[0m
[1;32m--> 119[1;33m     [0mcopyfile[0m[1;33m([0m[0msrc[0m[1;33m,[0m [0mdst[0m[1;33m)[0m[1;33m[0m[0m
[0m[0;32m    120[0m     [0mcopymode[0m[1;33m([0m[0msrc[0m[1;33m,[0m [0mdst[0m[1;33m)[0m[1;33m[0m[0m
[0;32m    121[0m [1;33m[0m[0m

[1;32m/usr/lib/python2.7/shutil.pyc[0m in [0;36mcopyfile[1;34m(src, dst)[0m
[0;32m     81[0m [1;33m[0m[0m
[0;32m     82[0m     [1;32mwith[0m [0mopen[0m[1;33m([0m[0msrc[0m[1;33m,[0m [1;34m'rb'[0m[1;33m)[0m [1;32mas[0m [0mfsrc[0m[1;33m:[0m[1;33m[0m[0m
[1;32m---> 83[1;33m         [1;32mwith[0m [0mopen[0m[1;33m([0m[0mdst[0m[1;33m,[0m [1;34m'wb'[0m[1;33m)[0m [1;32mas[0m [0mfdst[0m[1;33m:[0m[1;33m[0m[0m
[0m[0;32m     84[0m             [0mcopyfileobj[0m[1;33m([0m[0mfsrc[0m[1;33m,[0m [0mfdst[0m[1;33m)[0m[1;33m[0m[0m
[0;32m     85[0m [1;33m[0m[0m

[1;31mIOError[0m: [Errno 13] Permission denied: './lbc_smokehist.exe'
mv: cannot stat ‘prevalences.csv’: No such file or directory
Removing previously compiled python files
Removing old input files and old runs
Note, this module only cleans up before runs, not after
Reading inputs
[1;31m---------------------------------------------------------------------------[0m
[1;31mIOError[0m                                   Traceback (most recent call last)
[1;32m/home/jamietam/shg-policy-module/policy_shg.py[0m in [0;36m<module>[1;34m()[0m
[0;32m    615[0m [1;33m[0m[0m
[0;32m    616[0m [1;32mif[0m [0m__name__[0m [1;33m==[0m [1;34m'__main__'[0m[1;33m:[0m[1;33m[0m[0m
[1;32m--> 617[1;33m     [0mmain[0m[1;33m([0m[1;33m)[0m[1;33m[0m[0m
[0m
[1;32m/home/jamietam/shg-policy-module/policy_shg.py[0m in [0;36mmain[1;34m()[0m
[0;32m    583[0m     [0mread_demographics_file[0m[1;33m([0m[1;33m)[0m[1;33m[0m[0m
[0;32m    584[0m [1;33m[0m[0m
[1;32m--> 585[1;33m     [0mshutil[0m[1;33m.[0m[0mcopy[0m[1;33m([0m[0mjoin[0m[1;33m([0m[1;34m'executables'[0m[1;33m,[0m [0mversion[0m[1;33m,[0m [0mexe_name[0m[1;33m)[0m[1;33m,[0m [1;34m'./lbc_smokehist.exe'[0m[1;33m)[0m[1;33m[0m[0m
[0m[0;32m    586[0m [1;33m[0m[0m
[0;32m    587[0m     [1;32mprint[0m [1;34m'Running the simulations:'[0m[1;33m[0m[0m

[1;32m/usr/lib/python2.7/shutil.pyc[0m in [0;36mcopy[1;34m(src, dst)[0m
[0;32m    117[0m     [1;32mif[0m [0mos[0m[1;33m.[0m[0mpath[0m[1;33m.[0m[0misdir[0m[1;33m([0m[0mdst[0m[1;33m)[0m[1;33m:[0m[1;33m[0m[0m
[0;32m    118[0m         [0mdst[0m [1;33m=[0m [0mos[0m[1;33m.[0m[0mpath[0m[1;33m.[0m[0mjoin[0m[1;33m([0m[0mdst[0m[1;33m,[0m [0mos[0m[1;33m.[0m[0mpath[0m[1;33m.[0m[0mbasename[0m[1;33m([0m[0msrc[0m[1;33m)[0m[1;33m)[0m[1;33m[0m[0m
[1;32m--> 119[1;33m     [0mcopyfile[0m[1;33m([0m[0msrc[0m[1;33m,[0m [0mdst[0m[1;33m)[0m[1;33m[0m[0m
[0m[0;32m    120[0m     [0mcopymode[0m[1;33m([0m[0msrc[0m[1;33m,[0m [0mdst[0m[1;33m)[0m[1;33m[0m[0m
[0;32m    121[0m [1;33m[0m[0m

[1;32m/usr/lib/python2.7/shutil.pyc[0m in [0;36mcopyfile[1;34m(src, dst)[0m
[0;32m     81[0m [1;33m[0m[0m
[0;32m     82[0m     [1;32mwith[0m [0mopen[0m[1;33m([0m[0msrc[0m[1;33m,[0m [1;34m'rb'[0m[1;33m)[0m [1;32mas[0m [0mfsrc[0m[1;33m:[0m[1;33m[0m[0m
[1;32m---> 83[1;33m         [1;32mwith[0m [0mopen[0m[1;33m([0m[0mdst[0m[1;33m,[0m [1;34m'wb'[0m[1;33m)[0m [1;32mas[0m [0mfdst[0m[1;33m:[0m[1;33m[0m[0m
[0m[0;32m     84[0m             [0mcopyfileobj[0m[1;33m([0m[0mfsrc[0m[1;33m,[0m [0mfdst[0m[1;33m)[0m[1;33m[0m[0m
[0;32m     85[0m [1;33m[0m[0m

[1;31mIOError[0m: [Errno 13] Permission denied: './lbc_smokehist.exe'
mv: cannot stat ‘prevalences.csv’: No such file or directory
Error in file(file, "rt") : cannot open the connection
Calls: read.csv -> read.table -> file
In addition: Warning message:
In file(file, "rt") :
  cannot open file 'prevalences_males_2015.csv': No such file or directory
Execution halted
mv: cannot stat ‘results_w0_r1_b1_w0_r0_b0.csv’: No such file or directory
mv: cannot stat ‘deaths_w0_r1_b1_w0_r0_b0.csv’: No such file or directory
mv: cannot stat ‘prevalences*’: No such file or directory
scenario:  (1, 1, 1, 0, 0, 0, 2015)
male output file saved  2015
female output file saved  2015
scenario:  (1, 1, 1, 0, 0, 0, 2016)
male output file saved  2016
female output file saved  2016
scenario:  (1, 1, 1, 0, 0, 0, 2018)
male output file saved  2018
female output file saved  2018
scenario:  (1, 1, 1, 0, 0, 0, 2020)
male output file saved  2020
female output file saved  2020
results generated for file  1  of  2
scenario:  (0, 1, 1, 0, 0, 0, 2015)
male output file saved  2015
female output file saved  2015
scenario:  (0, 1, 1, 0, 0, 0, 2016)
male output file saved  2016
female output file saved  2016
scenario:  (0, 1, 1, 0, 0, 0, 2018)
male output file saved  2018
female output file saved  2018
scenario:  (0, 1, 1, 0, 0, 0, 2020)
male output file saved  2020
female output file saved  2020
results generated for file  2  of  2
